2024-06-20 12:52:19,917:WARNING:
'cuml' is a soft dependency and not included in the pycaret installation. Please run: `pip install cuml` to install.
2024-06-20 12:52:19,917:WARNING:
'cuml' is a soft dependency and not included in the pycaret installation. Please run: `pip install cuml` to install.
2024-06-20 12:52:19,917:WARNING:
'cuml' is a soft dependency and not included in the pycaret installation. Please run: `pip install cuml` to install.
2024-06-20 12:52:19,918:WARNING:
'cuml' is a soft dependency and not included in the pycaret installation. Please run: `pip install cuml` to install.
2024-06-20 12:55:33,992:WARNING:/workspace/PrediccionParkinson/env/lib/python3.10/site-packages/sdv/metadata/visualization.py:128: RuntimeWarning: Graphviz does not seem to be installed on this system. For full metadata visualization capabilities, please make sure to have its binaries propertly installed: https://graphviz.gitlab.io/download/
  warnings.warn(warning_message, RuntimeWarning)

2024-06-20 12:59:12,893:WARNING:
'cuml' is a soft dependency and not included in the pycaret installation. Please run: `pip install cuml` to install.
2024-06-20 12:59:12,894:WARNING:
'cuml' is a soft dependency and not included in the pycaret installation. Please run: `pip install cuml` to install.
2024-06-20 12:59:12,894:WARNING:
'cuml' is a soft dependency and not included in the pycaret installation. Please run: `pip install cuml` to install.
2024-06-20 12:59:12,894:WARNING:
'cuml' is a soft dependency and not included in the pycaret installation. Please run: `pip install cuml` to install.
2024-06-20 12:59:43,624:WARNING:/workspace/PrediccionParkinson/env/lib/python3.10/site-packages/sdv/metadata/visualization.py:128: RuntimeWarning: Graphviz does not seem to be installed on this system. For full metadata visualization capabilities, please make sure to have its binaries propertly installed: https://graphviz.gitlab.io/download/
  warnings.warn(warning_message, RuntimeWarning)

2024-06-20 13:49:47,525:WARNING:/workspace/PrediccionParkinson/env/lib/python3.10/site-packages/sdv/single_table/base.py:84: UserWarning: We strongly recommend saving the metadata using 'save_to_json' for replicability in future SDV versions.
  warnings.warn(

2024-06-20 19:09:00,771:WARNING:
'cuml' is a soft dependency and not included in the pycaret installation. Please run: `pip install cuml` to install.
2024-06-20 19:09:00,771:WARNING:
'cuml' is a soft dependency and not included in the pycaret installation. Please run: `pip install cuml` to install.
2024-06-20 19:09:00,771:WARNING:
'cuml' is a soft dependency and not included in the pycaret installation. Please run: `pip install cuml` to install.
2024-06-20 19:09:00,771:WARNING:
'cuml' is a soft dependency and not included in the pycaret installation. Please run: `pip install cuml` to install.
2024-06-20 19:11:04,565:WARNING:/workspace/PrediccionParkinson/env/lib/python3.10/site-packages/sdv/metadata/visualization.py:128: RuntimeWarning: Graphviz does not seem to be installed on this system. For full metadata visualization capabilities, please make sure to have its binaries propertly installed: https://graphviz.gitlab.io/download/
  warnings.warn(warning_message, RuntimeWarning)

2024-06-20 19:11:04,857:WARNING:/workspace/PrediccionParkinson/env/lib/python3.10/site-packages/sdv/single_table/base.py:84: UserWarning: We strongly recommend saving the metadata using 'save_to_json' for replicability in future SDV versions.
  warnings.warn(

2024-06-20 19:11:23,468:WARNING:/workspace/PrediccionParkinson/env/lib/python3.10/site-packages/sdv/metadata/visualization.py:128: RuntimeWarning: Graphviz does not seem to be installed on this system. For full metadata visualization capabilities, please make sure to have its binaries propertly installed: https://graphviz.gitlab.io/download/
  warnings.warn(warning_message, RuntimeWarning)

2024-06-20 19:18:45,195:WARNING:/workspace/PrediccionParkinson/env/lib/python3.10/site-packages/sdv/single_table/base.py:84: UserWarning: We strongly recommend saving the metadata using 'save_to_json' for replicability in future SDV versions.
  warnings.warn(

2024-06-20 19:32:37,407:WARNING:
'cuml' is a soft dependency and not included in the pycaret installation. Please run: `pip install cuml` to install.
2024-06-20 19:32:37,407:WARNING:
'cuml' is a soft dependency and not included in the pycaret installation. Please run: `pip install cuml` to install.
2024-06-20 19:32:37,408:WARNING:
'cuml' is a soft dependency and not included in the pycaret installation. Please run: `pip install cuml` to install.
2024-06-20 19:32:37,408:WARNING:
'cuml' is a soft dependency and not included in the pycaret installation. Please run: `pip install cuml` to install.
2024-06-20 19:32:47,081:WARNING:/workspace/PrediccionParkinson/env/lib/python3.10/site-packages/sdv/single_table/base.py:84: UserWarning: We strongly recommend saving the metadata using 'save_to_json' for replicability in future SDV versions.
  warnings.warn(

2024-06-20 19:39:39,365:WARNING:
'cuml' is a soft dependency and not included in the pycaret installation. Please run: `pip install cuml` to install.
2024-06-20 19:39:39,365:WARNING:
'cuml' is a soft dependency and not included in the pycaret installation. Please run: `pip install cuml` to install.
2024-06-20 19:39:39,365:WARNING:
'cuml' is a soft dependency and not included in the pycaret installation. Please run: `pip install cuml` to install.
2024-06-20 19:39:39,365:WARNING:
'cuml' is a soft dependency and not included in the pycaret installation. Please run: `pip install cuml` to install.
2024-06-20 19:43:54,447:WARNING:
'cuml' is a soft dependency and not included in the pycaret installation. Please run: `pip install cuml` to install.
2024-06-20 19:43:54,447:WARNING:
'cuml' is a soft dependency and not included in the pycaret installation. Please run: `pip install cuml` to install.
2024-06-20 19:43:54,447:WARNING:
'cuml' is a soft dependency and not included in the pycaret installation. Please run: `pip install cuml` to install.
2024-06-20 19:43:54,448:WARNING:
'cuml' is a soft dependency and not included in the pycaret installation. Please run: `pip install cuml` to install.
2024-06-20 19:52:18,330:WARNING:
'cuml' is a soft dependency and not included in the pycaret installation. Please run: `pip install cuml` to install.
2024-06-20 19:52:18,331:WARNING:
'cuml' is a soft dependency and not included in the pycaret installation. Please run: `pip install cuml` to install.
2024-06-20 19:52:18,331:WARNING:
'cuml' is a soft dependency and not included in the pycaret installation. Please run: `pip install cuml` to install.
2024-06-20 19:52:18,331:WARNING:
'cuml' is a soft dependency and not included in the pycaret installation. Please run: `pip install cuml` to install.
2024-06-20 19:53:23,515:WARNING:
'cuml' is a soft dependency and not included in the pycaret installation. Please run: `pip install cuml` to install.
2024-06-20 19:53:23,515:WARNING:
'cuml' is a soft dependency and not included in the pycaret installation. Please run: `pip install cuml` to install.
2024-06-20 19:53:23,515:WARNING:
'cuml' is a soft dependency and not included in the pycaret installation. Please run: `pip install cuml` to install.
2024-06-20 19:53:23,515:WARNING:
'cuml' is a soft dependency and not included in the pycaret installation. Please run: `pip install cuml` to install.
2024-06-20 19:56:13,233:WARNING:
'cuml' is a soft dependency and not included in the pycaret installation. Please run: `pip install cuml` to install.
2024-06-20 19:56:13,234:WARNING:
'cuml' is a soft dependency and not included in the pycaret installation. Please run: `pip install cuml` to install.
2024-06-20 19:56:13,234:WARNING:
'cuml' is a soft dependency and not included in the pycaret installation. Please run: `pip install cuml` to install.
2024-06-20 19:56:13,234:WARNING:
'cuml' is a soft dependency and not included in the pycaret installation. Please run: `pip install cuml` to install.
2024-06-20 19:56:52,550:WARNING:
'cuml' is a soft dependency and not included in the pycaret installation. Please run: `pip install cuml` to install.
2024-06-20 19:56:52,551:WARNING:
'cuml' is a soft dependency and not included in the pycaret installation. Please run: `pip install cuml` to install.
2024-06-20 19:56:52,551:WARNING:
'cuml' is a soft dependency and not included in the pycaret installation. Please run: `pip install cuml` to install.
2024-06-20 19:56:52,551:WARNING:
'cuml' is a soft dependency and not included in the pycaret installation. Please run: `pip install cuml` to install.
2024-06-20 19:59:02,457:WARNING:/workspace/PrediccionParkinson/env/lib/python3.10/site-packages/sdv/single_table/base.py:84: UserWarning: We strongly recommend saving the metadata using 'save_to_json' for replicability in future SDV versions.
  warnings.warn(

